  Camera2D.cpp
  D2DRenderer.cpp
  D2DTransform.cpp
  DefaultScene.cpp
C:\Users\User\Desktop\YDM\태양계\12.DrawSolarSystem\DefaultScene.cpp(75,40): warning C4244: '인수': 'int'에서 'float'(으)로 변환하면서 데이터가 손실될 수 있습니다.
C:\Users\User\Desktop\YDM\태양계\12.DrawSolarSystem\DefaultScene.cpp(75,33): warning C4244: '인수': 'int'에서 'float'(으)로 변환하면서 데이터가 손실될 수 있습니다.
  HierarchicalTransformTestScene.cpp
C:\Users\User\Desktop\YDM\태양계\12.DrawSolarSystem\HierarchicalTransformTestScene.cpp(278,40): warning C4244: '인수': 'int'에서 'float'(으)로 변환하면서 데이터가 손실될 수 있습니다.
C:\Users\User\Desktop\YDM\태양계\12.DrawSolarSystem\HierarchicalTransformTestScene.cpp(278,33): warning C4244: '인수': 'int'에서 'float'(으)로 변환하면서 데이터가 손실될 수 있습니다.
  InputManager.cpp
  main.cpp
  MainApp.cpp
  OnlyForTestScene.cpp
  SolarSystemRenderer.cpp
  TMHelper.cpp
  pch.cpp
  TransformPracticeScene.cpp
C:\Users\User\Desktop\YDM\태양계\12.DrawSolarSystem\TransformPracticeScene.cpp(328,40): warning C4244: '인수': 'int'에서 'float'(으)로 변환하면서 데이터가 손실될 수 있습니다.
C:\Users\User\Desktop\YDM\태양계\12.DrawSolarSystem\TransformPracticeScene.cpp(328,33): warning C4244: '인수': 'int'에서 'float'(으)로 변환하면서 데이터가 손실될 수 있습니다.
  코드를 생성하고 있습니다...
  LINK : C:\Users\User\Desktop\YDM\태양계\x64\Debug\12.DrawSolarSystem.exe을(를) 찾을 수 없거나 마지막 증분 링크에 의해 빌드되지 않았습니다. 전체 링크를 수행하고 있습니다.
  12.DrawSolarSystem.vcxproj -> C:\Users\User\Desktop\YDM\태양계\x64\Debug\12.DrawSolarSystem.exe
